  BachelorManage.cpp
C:\Users\Administrator.DESKTOP-D3778LN\Desktop\Student\BachelorManage.cpp(54,19): warning C4244: “初始化”: 从“double”转换到“int”，可能丢失数据
C:\Users\Administrator.DESKTOP-D3778LN\Desktop\Student\BachelorManage.cpp(68,20): warning C4244: “初始化”: 从“double”转换到“int”，可能丢失数据
C:\Program Files (x86)\Microsoft Visual Studio\2019\Community\VC\Tools\MSVC\14.29.30037\include\numeric(35,26): warning C4244: “=”: 从“double”转换到“_Ty”，可能丢失数据
          with
          [
              _Ty=int
          ]
C:\Program Files (x86)\Microsoft Visual Studio\2019\Community\VC\Tools\MSVC\14.29.30037\include\numeric(44): message : 查看对正在编译的函数 模板 实例化“_Ty std::accumulate<_InIt,_Ty,std::plus<void>>(const _InIt,const _InIt,_Ty,_Fn)”的引用
          with
          [
              _Ty=int,
              _InIt=std::_Vector_iterator<std::_Vector_val<std::_Simple_types<double>>>,
              _Fn=std::plus<void>
          ]
C:\Users\Administrator.DESKTOP-D3778LN\Desktop\Student\BachelorManage.cpp(246): message : 查看对正在编译的函数 模板 实例化“_Ty std::accumulate<std::_Vector_iterator<std::_Vector_val<std::_Simple_types<double>>>,int>(const _InIt,const _InIt,_Ty)”的引用
          with
          [
              _Ty=int,
              _InIt=std::_Vector_iterator<std::_Vector_val<std::_Simple_types<double>>>
          ]
  BachelorProperties.cpp
  DoctorManage.cpp
C:\Users\Administrator.DESKTOP-D3778LN\Desktop\Student\DoctorManage.cpp(40,20): warning C4244: “初始化”: 从“double”转换到“int”，可能丢失数据
C:\Users\Administrator.DESKTOP-D3778LN\Desktop\Student\DoctorManage.cpp(54,20): warning C4244: “初始化”: 从“double”转换到“int”，可能丢失数据
  DoctorProperties.cpp
  Main.cpp
  MasterAndDoctorManage.cpp
  MasterAndDoctorProperties.cpp
  MasterManage.cpp
C:\Users\Administrator.DESKTOP-D3778LN\Desktop\Student\MasterManage.cpp(39,20): warning C4244: “初始化”: 从“double”转换到“int”，可能丢失数据
C:\Users\Administrator.DESKTOP-D3778LN\Desktop\Student\MasterManage.cpp(53,20): warning C4244: “初始化”: 从“double”转换到“int”，可能丢失数据
  MasterProperties.cpp
  StudentManage.cpp
C:\Users\Administrator.DESKTOP-D3778LN\Desktop\Student\StudentManage.cpp(58,21): warning C4244: “初始化”: 从“double”转换到“int”，可能丢失数据
  StudentProperties.cpp
  正在生成代码...
C:\Users\Administrator.DESKTOP-D3778LN\Desktop\Student\Enum.h(20): warning C4715: “AgeToString”: 不是所有的控件路径都返回值
C:\Users\Administrator.DESKTOP-D3778LN\Desktop\Student\Enum.h(84): warning C4715: “ResearchFieldToString”: 不是所有的控件路径都返回值
C:\Users\Administrator.DESKTOP-D3778LN\Desktop\Student\Enum.h(36): warning C4715: “EnrollmentYearToString”: 不是所有的控件路径都返回值
C:\Users\Administrator.DESKTOP-D3778LN\Desktop\Student\Enum.h(20): warning C4715: “AgeToString”: 不是所有的控件路径都返回值
C:\Users\Administrator.DESKTOP-D3778LN\Desktop\Student\Enum.h(36): warning C4715: “EnrollmentYearToString”: 不是所有的控件路径都返回值
C:\Users\Administrator.DESKTOP-D3778LN\Desktop\Student\Enum.h(84): warning C4715: “ResearchFieldToString”: 不是所有的控件路径都返回值
C:\Users\Administrator.DESKTOP-D3778LN\Desktop\Student\Enum.h(20): warning C4715: “AgeToString”: 不是所有的控件路径都返回值
C:\Users\Administrator.DESKTOP-D3778LN\Desktop\Student\Enum.h(52): warning C4715: “MajorToString”: 不是所有的控件路径都返回值
C:\Users\Administrator.DESKTOP-D3778LN\Desktop\Student\Enum.h(68): warning C4715: “ClassToString”: 不是所有的控件路径都返回值
C:\Users\Administrator.DESKTOP-D3778LN\Desktop\Student\Enum.h(36): warning C4715: “EnrollmentYearToString”: 不是所有的控件路径都返回值
  Student.vcxproj -> C:\Users\Administrator.DESKTOP-D3778LN\Desktop\Student\Debug\Student.exe
